<?xml version="1.0" encoding="UTF-8"?>
<testng-results ignored="0" total="1" passed="1" failed="0" skipped="0">
  <reporter-output>
  </reporter-output>
  <suite started-at="2022-07-30T23:30:29 IST" name="Suite" finished-at="2022-07-30T23:30:37 IST" duration-ms="8863">
    <groups>
    </groups>
    <test started-at="2022-07-30T23:30:29 IST" name="Test" finished-at="2022-07-30T23:30:37 IST" duration-ms="8863">
      <class name="tests.LoginTest">
        <test-method signature="login()[pri:0, instance:tests.LoginTest@78e4deb0]" started-at="2022-07-30T23:30:29 IST" name="login" finished-at="2022-07-30T23:30:37 IST" duration-ms="8699" status="PASS">
          <reporter-output>
          </reporter-output>
        </test-method> <!-- login -->
        <test-method is-config="true" signature="close()[pri:0, instance:tests.LoginTest@78e4deb0]" started-at="2022-07-30T23:30:37 IST" name="close" finished-at="2022-07-30T23:30:37 IST" duration-ms="118" status="PASS">
          <reporter-output>
          </reporter-output>
        </test-method> <!-- close -->
      </class> <!-- tests.LoginTest -->
    </test> <!-- Test -->
  </suite> <!-- Suite -->
</testng-results>
